<?xml version="1.0" encoding="UTF-8"?>
<!-- Generated by org.testng.reporters.JUnitReportReporter -->
<testsuite hostname="VIPIN" failures="0" tests="1" name="stepDefinitions.MainRunner" time="0.015" errors="0" timestamp="2021-12-12T18:52:36 IST" skipped="0">
  <testcase classname="stepDefinitions.MainRunner" name="feature" time="0.015"/>
  <system-out/>
</testsuite> <!-- stepDefinitions.MainRunner -->
